<?xml version="1.0" encoding="UTF-8"?>
<!-- Generated by org.testng.reporters.JUnitXMLReporter -->
<testsuite ignored="0" hostname="DESKTOP-A0UFN4V" failures="0" tests="7" name="Test" time="24.063" errors="0" timestamp="2022-11-15T16:04:02 IST">
  <testcase classname="tests.RegisterTest" name="registerWithMandatoryFields" time="1.629"/>
  <testcase classname="tests.RegisterTest" name="registerWithAllFields" time="1.647"/>
  <testcase classname="tests.LoginTest" name="loginWithValidCrendetials" time="1.064"/>
  <testcase classname="tests.LoginTest" name="loginWithInvalidCredentials" time="0.925"/>
  <testcase classname="tests.SearchTest" name="searchWithValidProductName" time="0.496"/>
  <testcase classname="tests.SearchTest" name="searchWithInvalidProductName" time="0.557"/>
  <testcase classname="tests.SearchTest" name="searchByNotProvidingAnyProductName" time="0.434"/>
</testsuite> <!-- Test -->
