<?xml version="1.0" encoding="UTF-8"?>
<!-- Generated by org.testng.reporters.JUnitXMLReporter -->
<testsuite ignored="0" hostname="DESKTOP-A0UFN4V" failures="0" tests="7" name="Test" time="26.368" errors="0" timestamp="2022-11-15T15:50:17 IST">
  <testcase classname="tests.RegisterTest" name="registerWithMandatoryFields" time="1.619"/>
  <testcase classname="tests.RegisterTest" name="registerWithAllFields" time="1.668"/>
  <testcase classname="tests.LoginTest" name="loginWithValidCrendetials" time="1.259"/>
  <testcase classname="tests.LoginTest" name="loginWithInvalidCredentials" time="1.035"/>
  <testcase classname="tests.SearchTest" name="searchWithValidProductName" time="0.458"/>
  <testcase classname="tests.SearchTest" name="searchWithInvalidProductName" time="0.38"/>
  <testcase classname="tests.SearchTest" name="searchByNotProvidingAnyProductName" time="0.388"/>
</testsuite> <!-- Test -->
